0 info it worked if it ends with ok
1 verbose cli [ 'D:\\node\\node.exe',
1 verbose cli   'D:\\node\\node_modules\\npm\\bin\\npm-cli.js',
1 verbose cli   'start' ]
2 info using npm@4.1.2
3 info using node@v7.6.0
4 verbose config Skipping project config: C:\Users\Administrator/.npmrc. (matches userconfig)
5 verbose stack Error: ENOENT: no such file or directory, open 'C:\Users\Administrator\package.json'
6 verbose cwd C:\Users\Administrator\Desktop\软件\前端资料\公司网站\server
7 error Windows_NT 6.1.7601
8 error argv "D:\\node\\node.exe" "D:\\node\\node_modules\\npm\\bin\\npm-cli.js" "start"
9 error node v7.6.0
10 error npm  v4.1.2
11 error path C:\Users\Administrator\package.json
12 error code ENOENT
13 error errno -4058
14 error syscall open
15 error enoent ENOENT: no such file or directory, open 'C:\Users\Administrator\package.json'
16 error enoent ENOENT: no such file or directory, open 'C:\Users\Administrator\package.json'
16 error enoent This is most likely not a problem with npm itself
16 error enoent and is related to npm not being able to find a file.
17 verbose exit [ -4058, true ]
